0 info it worked if it ends with ok
1 verbose cli [ '/usr/local/bin/node', '/usr/local/bin/npm', 'install' ]
2 info using npm@3.8.9
3 info using node@v6.2.0
4 silly loadCurrentTree Starting
5 silly install loadCurrentTree
6 silly install readLocalPackageData
7 silly install normalizeTree
8 silly loadCurrentTree Finishing
9 silly loadIdealTree Starting
10 silly install loadIdealTree
11 silly cloneCurrentTree Starting
12 silly install cloneCurrentTreeToIdealTree
13 silly cloneCurrentTree Finishing
14 silly loadShrinkwrap Starting
15 silly install loadShrinkwrap
16 silly loadShrinkwrap Finishing
17 silly loadAllDepsIntoIdealTree Starting
18 silly install loadAllDepsIntoIdealTree
19 silly fetchNamedPackageData @angular/common
20 silly mapToRegistry name @angular/common
21 silly mapToRegistry scope (from package name) @angular
22 verbose mapToRegistry no registry URL found in name for scope @angular
23 silly mapToRegistry using default registry
24 silly mapToRegistry registry http://registry.cnpmjs.org/
25 silly mapToRegistry data Result {
25 silly mapToRegistry   raw: '@angular/common',
25 silly mapToRegistry   scope: '@angular',
25 silly mapToRegistry   name: '@angular/common',
25 silly mapToRegistry   rawSpec: '',
25 silly mapToRegistry   spec: 'latest',
25 silly mapToRegistry   type: 'tag' }
26 silly mapToRegistry uri http://registry.cnpmjs.org/@angular%2fcommon
27 silly fetchNamedPackageData @angular/compiler
28 silly mapToRegistry name @angular/compiler
29 silly mapToRegistry scope (from package name) @angular
30 verbose mapToRegistry no registry URL found in name for scope @angular
31 silly mapToRegistry using default registry
32 silly mapToRegistry registry http://registry.cnpmjs.org/
33 silly mapToRegistry data Result {
33 silly mapToRegistry   raw: '@angular/compiler',
33 silly mapToRegistry   scope: '@angular',
33 silly mapToRegistry   name: '@angular/compiler',
33 silly mapToRegistry   rawSpec: '',
33 silly mapToRegistry   spec: 'latest',
33 silly mapToRegistry   type: 'tag' }
34 silly mapToRegistry uri http://registry.cnpmjs.org/@angular%2fcompiler
35 silly fetchNamedPackageData @angular/core
36 silly mapToRegistry name @angular/core
37 silly mapToRegistry scope (from package name) @angular
38 verbose mapToRegistry no registry URL found in name for scope @angular
39 silly mapToRegistry using default registry
40 silly mapToRegistry registry http://registry.cnpmjs.org/
41 silly mapToRegistry data Result {
41 silly mapToRegistry   raw: '@angular/core',
41 silly mapToRegistry   scope: '@angular',
41 silly mapToRegistry   name: '@angular/core',
41 silly mapToRegistry   rawSpec: '',
41 silly mapToRegistry   spec: 'latest',
41 silly mapToRegistry   type: 'tag' }
42 silly mapToRegistry uri http://registry.cnpmjs.org/@angular%2fcore
43 silly fetchNamedPackageData @angular/forms
44 silly mapToRegistry name @angular/forms
45 silly mapToRegistry scope (from package name) @angular
46 verbose mapToRegistry no registry URL found in name for scope @angular
47 silly mapToRegistry using default registry
48 silly mapToRegistry registry http://registry.cnpmjs.org/
49 silly mapToRegistry data Result {
49 silly mapToRegistry   raw: '@angular/forms',
49 silly mapToRegistry   scope: '@angular',
49 silly mapToRegistry   name: '@angular/forms',
49 silly mapToRegistry   rawSpec: '',
49 silly mapToRegistry   spec: 'latest',
49 silly mapToRegistry   type: 'tag' }
50 silly mapToRegistry uri http://registry.cnpmjs.org/@angular%2fforms
51 silly fetchNamedPackageData @angular/http
52 silly mapToRegistry name @angular/http
53 silly mapToRegistry scope (from package name) @angular
54 verbose mapToRegistry no registry URL found in name for scope @angular
55 silly mapToRegistry using default registry
56 silly mapToRegistry registry http://registry.cnpmjs.org/
57 silly mapToRegistry data Result {
57 silly mapToRegistry   raw: '@angular/http',
57 silly mapToRegistry   scope: '@angular',
57 silly mapToRegistry   name: '@angular/http',
57 silly mapToRegistry   rawSpec: '',
57 silly mapToRegistry   spec: 'latest',
57 silly mapToRegistry   type: 'tag' }
58 silly mapToRegistry uri http://registry.cnpmjs.org/@angular%2fhttp
59 silly fetchNamedPackageData @angular/platform-browser
60 silly mapToRegistry name @angular/platform-browser
61 silly mapToRegistry scope (from package name) @angular
62 verbose mapToRegistry no registry URL found in name for scope @angular
63 silly mapToRegistry using default registry
64 silly mapToRegistry registry http://registry.cnpmjs.org/
65 silly mapToRegistry data Result {
65 silly mapToRegistry   raw: '@angular/platform-browser',
65 silly mapToRegistry   scope: '@angular',
65 silly mapToRegistry   name: '@angular/platform-browser',
65 silly mapToRegistry   rawSpec: '',
65 silly mapToRegistry   spec: 'latest',
65 silly mapToRegistry   type: 'tag' }
66 silly mapToRegistry uri http://registry.cnpmjs.org/@angular%2fplatform-browser
67 silly fetchNamedPackageData @angular/platform-browser-dynamic
68 silly mapToRegistry name @angular/platform-browser-dynamic
69 silly mapToRegistry scope (from package name) @angular
70 verbose mapToRegistry no registry URL found in name for scope @angular
71 silly mapToRegistry using default registry
72 silly mapToRegistry registry http://registry.cnpmjs.org/
73 silly mapToRegistry data Result {
73 silly mapToRegistry   raw: '@angular/platform-browser-dynamic',
73 silly mapToRegistry   scope: '@angular',
73 silly mapToRegistry   name: '@angular/platform-browser-dynamic',
73 silly mapToRegistry   rawSpec: '',
73 silly mapToRegistry   spec: 'latest',
73 silly mapToRegistry   type: 'tag' }
74 silly mapToRegistry uri http://registry.cnpmjs.org/@angular%2fplatform-browser-dynamic
75 silly fetchNamedPackageData @angular/router
76 silly mapToRegistry name @angular/router
77 silly mapToRegistry scope (from package name) @angular
78 verbose mapToRegistry no registry URL found in name for scope @angular
79 silly mapToRegistry using default registry
80 silly mapToRegistry registry http://registry.cnpmjs.org/
81 silly mapToRegistry data Result {
81 silly mapToRegistry   raw: '@angular/router',
81 silly mapToRegistry   scope: '@angular',
81 silly mapToRegistry   name: '@angular/router',
81 silly mapToRegistry   rawSpec: '',
81 silly mapToRegistry   spec: 'latest',
81 silly mapToRegistry   type: 'tag' }
82 silly mapToRegistry uri http://registry.cnpmjs.org/@angular%2frouter
83 silly fetchNamedPackageData @angular/upgrade
84 silly mapToRegistry name @angular/upgrade
85 silly mapToRegistry scope (from package name) @angular
86 verbose mapToRegistry no registry URL found in name for scope @angular
87 silly mapToRegistry using default registry
88 silly mapToRegistry registry http://registry.cnpmjs.org/
89 silly mapToRegistry data Result {
89 silly mapToRegistry   raw: '@angular/upgrade',
89 silly mapToRegistry   scope: '@angular',
89 silly mapToRegistry   name: '@angular/upgrade',
89 silly mapToRegistry   rawSpec: '',
89 silly mapToRegistry   spec: 'latest',
89 silly mapToRegistry   type: 'tag' }
90 silly mapToRegistry uri http://registry.cnpmjs.org/@angular%2fupgrade
91 silly fetchNamedPackageData angular2-in-memory-web-api
92 silly mapToRegistry name angular2-in-memory-web-api
93 silly mapToRegistry using default registry
94 silly mapToRegistry registry http://registry.cnpmjs.org/
95 silly mapToRegistry data Result {
95 silly mapToRegistry   raw: 'angular2-in-memory-web-api',
95 silly mapToRegistry   scope: null,
95 silly mapToRegistry   name: 'angular2-in-memory-web-api',
95 silly mapToRegistry   rawSpec: '',
95 silly mapToRegistry   spec: 'latest',
95 silly mapToRegistry   type: 'tag' }
96 silly mapToRegistry uri http://registry.cnpmjs.org/angular2-in-memory-web-api
97 verbose request uri http://registry.cnpmjs.org/@angular%2fplatform-browser
98 verbose request no auth needed
99 info attempt registry request try #1 at 4:23:20 PM
100 verbose request id 09d869fa895dbd20
101 http request GET http://registry.cnpmjs.org/@angular%2fplatform-browser
102 verbose request uri http://registry.cnpmjs.org/@angular%2fforms
103 verbose request no auth needed
104 info attempt registry request try #1 at 4:23:20 PM
105 http request GET http://registry.cnpmjs.org/@angular%2fforms
106 verbose request uri http://registry.cnpmjs.org/@angular%2fhttp
107 verbose request no auth needed
108 info attempt registry request try #1 at 4:23:20 PM
109 http request GET http://registry.cnpmjs.org/@angular%2fhttp
110 verbose request uri http://registry.cnpmjs.org/@angular%2fcore
111 verbose request no auth needed
112 info attempt registry request try #1 at 4:23:20 PM
113 http request GET http://registry.cnpmjs.org/@angular%2fcore
114 verbose request uri http://registry.cnpmjs.org/@angular%2fupgrade
115 verbose request no auth needed
116 info attempt registry request try #1 at 4:23:20 PM
117 http request GET http://registry.cnpmjs.org/@angular%2fupgrade
118 verbose request uri http://registry.cnpmjs.org/@angular%2frouter
119 verbose request no auth needed
120 info attempt registry request try #1 at 4:23:20 PM
121 http request GET http://registry.cnpmjs.org/@angular%2frouter
122 verbose request uri http://registry.cnpmjs.org/angular2-in-memory-web-api
123 verbose request no auth needed
124 info attempt registry request try #1 at 4:23:20 PM
125 http request GET http://registry.cnpmjs.org/angular2-in-memory-web-api
126 verbose request uri http://registry.cnpmjs.org/@angular%2fcompiler
127 verbose request no auth needed
128 info attempt registry request try #1 at 4:23:20 PM
129 http request GET http://registry.cnpmjs.org/@angular%2fcompiler
130 verbose request uri http://registry.cnpmjs.org/@angular%2fplatform-browser-dynamic
131 verbose request no auth needed
132 info attempt registry request try #1 at 4:23:20 PM
133 http request GET http://registry.cnpmjs.org/@angular%2fplatform-browser-dynamic
134 verbose request uri http://registry.cnpmjs.org/@angular%2fcommon
135 verbose request no auth needed
136 info attempt registry request try #1 at 4:23:20 PM
137 http request GET http://registry.cnpmjs.org/@angular%2fcommon
138 info retry will retry, error on last attempt: Error: getaddrinfo ENOTFOUND registry.cnpmjs.org registry.cnpmjs.org:80
139 info retry will retry, error on last attempt: Error: getaddrinfo ENOTFOUND registry.cnpmjs.org registry.cnpmjs.org:80
140 info retry will retry, error on last attempt: Error: getaddrinfo ENOTFOUND registry.cnpmjs.org registry.cnpmjs.org:80
141 info retry will retry, error on last attempt: Error: getaddrinfo ENOTFOUND registry.cnpmjs.org registry.cnpmjs.org:80
142 info retry will retry, error on last attempt: Error: getaddrinfo ENOTFOUND registry.cnpmjs.org registry.cnpmjs.org:80
143 info retry will retry, error on last attempt: Error: getaddrinfo ENOTFOUND registry.cnpmjs.org registry.cnpmjs.org:80
144 info retry will retry, error on last attempt: Error: getaddrinfo ENOTFOUND registry.cnpmjs.org registry.cnpmjs.org:80
145 info retry will retry, error on last attempt: Error: getaddrinfo ENOTFOUND registry.cnpmjs.org registry.cnpmjs.org:80
146 info retry will retry, error on last attempt: Error: getaddrinfo ENOTFOUND registry.cnpmjs.org registry.cnpmjs.org:80
147 info retry will retry, error on last attempt: Error: getaddrinfo ENOTFOUND registry.cnpmjs.org registry.cnpmjs.org:80
148 info attempt registry request try #2 at 4:23:43 PM
149 http request GET http://registry.cnpmjs.org/@angular%2fhttp
150 info retry will retry, error on last attempt: Error: getaddrinfo ENOTFOUND registry.cnpmjs.org registry.cnpmjs.org:80
151 info attempt registry request try #2 at 4:23:43 PM
152 http request GET http://registry.cnpmjs.org/@angular%2fforms
153 info attempt registry request try #2 at 4:23:43 PM
154 http request GET http://registry.cnpmjs.org/@angular%2fplatform-browser
155 info attempt registry request try #2 at 4:23:43 PM
156 http request GET http://registry.cnpmjs.org/@angular%2fcore
157 info attempt registry request try #2 at 4:23:43 PM
158 http request GET http://registry.cnpmjs.org/angular2-in-memory-web-api
159 info attempt registry request try #2 at 4:23:43 PM
160 http request GET http://registry.cnpmjs.org/@angular%2frouter
161 info attempt registry request try #2 at 4:23:43 PM
162 http request GET http://registry.cnpmjs.org/@angular%2fupgrade
163 info attempt registry request try #2 at 4:23:43 PM
164 http request GET http://registry.cnpmjs.org/@angular%2fcompiler
165 info attempt registry request try #2 at 4:23:43 PM
166 http request GET http://registry.cnpmjs.org/@angular%2fcommon
167 info attempt registry request try #2 at 4:23:43 PM
168 http request GET http://registry.cnpmjs.org/@angular%2fplatform-browser-dynamic
169 info retry will retry, error on last attempt: Error: getaddrinfo ENOTFOUND registry.cnpmjs.org registry.cnpmjs.org:80
170 info retry will retry, error on last attempt: Error: getaddrinfo ENOTFOUND registry.cnpmjs.org registry.cnpmjs.org:80
171 info retry will retry, error on last attempt: Error: getaddrinfo ENOTFOUND registry.cnpmjs.org registry.cnpmjs.org:80
172 info retry will retry, error on last attempt: Error: getaddrinfo ENOTFOUND registry.cnpmjs.org registry.cnpmjs.org:80
173 info retry will retry, error on last attempt: Error: getaddrinfo ENOTFOUND registry.cnpmjs.org registry.cnpmjs.org:80
174 info retry will retry, error on last attempt: Error: getaddrinfo ENOTFOUND registry.cnpmjs.org registry.cnpmjs.org:80
175 info retry will retry, error on last attempt: Error: getaddrinfo ENOTFOUND registry.cnpmjs.org registry.cnpmjs.org:80
176 info retry will retry, error on last attempt: Error: getaddrinfo ENOTFOUND registry.cnpmjs.org registry.cnpmjs.org:80
177 info retry will retry, error on last attempt: Error: getaddrinfo ENOTFOUND registry.cnpmjs.org registry.cnpmjs.org:80
178 info attempt registry request try #3 at 4:24:43 PM
179 http request GET http://registry.cnpmjs.org/@angular%2fhttp
180 info attempt registry request try #3 at 4:24:43 PM
181 http request GET http://registry.cnpmjs.org/@angular%2fcore
182 info attempt registry request try #3 at 4:24:43 PM
183 http request GET http://registry.cnpmjs.org/@angular%2fplatform-browser
184 info attempt registry request try #3 at 4:24:43 PM
185 http request GET http://registry.cnpmjs.org/@angular%2fforms
186 info attempt registry request try #3 at 4:24:43 PM
187 http request GET http://registry.cnpmjs.org/angular2-in-memory-web-api
188 info attempt registry request try #3 at 4:24:43 PM
189 http request GET http://registry.cnpmjs.org/@angular%2frouter
190 info attempt registry request try #3 at 4:24:43 PM
191 http request GET http://registry.cnpmjs.org/@angular%2fupgrade
192 info attempt registry request try #3 at 4:24:43 PM
193 http request GET http://registry.cnpmjs.org/@angular%2fcommon
194 info attempt registry request try #3 at 4:24:43 PM
195 http request GET http://registry.cnpmjs.org/@angular%2fcompiler
196 info attempt registry request try #3 at 4:24:43 PM
197 http request GET http://registry.cnpmjs.org/@angular%2fplatform-browser-dynamic
198 silly get cb [ 304, undefined ]
199 silly fetchPackageMetaData Error: failed to fetch from registry: http://registry.cnpmjs.org/@angular%2fforms
199 silly fetchPackageMetaData     at /usr/local/lib/node_modules/npm/lib/cache/caching-client.js:158:27
199 silly fetchPackageMetaData     at /usr/local/lib/node_modules/npm/lib/cache/caching-client.js:53:8
199 silly fetchPackageMetaData     at f (/usr/local/lib/node_modules/npm/node_modules/once/once.js:17:25)
199 silly fetchPackageMetaData     at /usr/local/lib/node_modules/npm/node_modules/npm-registry-client/lib/request.js:89:10
199 silly fetchPackageMetaData     at f (/usr/local/lib/node_modules/npm/node_modules/once/once.js:17:25)
199 silly fetchPackageMetaData     at CachingRegistryClient.<anonymous> (/usr/local/lib/node_modules/npm/node_modules/npm-registry-client/lib/request.js:186:20)
199 silly fetchPackageMetaData     at Request._callback (/usr/local/lib/node_modules/npm/node_modules/npm-registry-client/lib/request.js:163:20)
199 silly fetchPackageMetaData     at self.callback (/usr/local/lib/node_modules/npm/node_modules/request/request.js:200:22)
199 silly fetchPackageMetaData     at emitOne (events.js:101:20)
199 silly fetchPackageMetaData     at Request.emit (events.js:188:7)
199 silly fetchPackageMetaData  error for @angular/forms@0.3.0 Error: failed to fetch from registry: http://registry.cnpmjs.org/@angular%2fforms
199 silly fetchPackageMetaData     at /usr/local/lib/node_modules/npm/lib/cache/caching-client.js:158:27
199 silly fetchPackageMetaData     at /usr/local/lib/node_modules/npm/lib/cache/caching-client.js:53:8
199 silly fetchPackageMetaData     at f (/usr/local/lib/node_modules/npm/node_modules/once/once.js:17:25)
199 silly fetchPackageMetaData     at /usr/local/lib/node_modules/npm/node_modules/npm-registry-client/lib/request.js:89:10
199 silly fetchPackageMetaData     at f (/usr/local/lib/node_modules/npm/node_modules/once/once.js:17:25)
199 silly fetchPackageMetaData     at CachingRegistryClient.<anonymous> (/usr/local/lib/node_modules/npm/node_modules/npm-registry-client/lib/request.js:186:20)
199 silly fetchPackageMetaData     at Request._callback (/usr/local/lib/node_modules/npm/node_modules/npm-registry-client/lib/request.js:163:20)
199 silly fetchPackageMetaData     at self.callback (/usr/local/lib/node_modules/npm/node_modules/request/request.js:200:22)
199 silly fetchPackageMetaData     at emitOne (events.js:101:20)
199 silly fetchPackageMetaData     at Request.emit (events.js:188:7)
200 silly get cb [ 304, undefined ]
201 silly fetchPackageMetaData Error: failed to fetch from registry: http://registry.cnpmjs.org/@angular%2fcore
201 silly fetchPackageMetaData     at /usr/local/lib/node_modules/npm/lib/cache/caching-client.js:158:27
201 silly fetchPackageMetaData     at /usr/local/lib/node_modules/npm/lib/cache/caching-client.js:53:8
201 silly fetchPackageMetaData     at f (/usr/local/lib/node_modules/npm/node_modules/once/once.js:17:25)
201 silly fetchPackageMetaData     at /usr/local/lib/node_modules/npm/node_modules/npm-registry-client/lib/request.js:89:10
201 silly fetchPackageMetaData     at f (/usr/local/lib/node_modules/npm/node_modules/once/once.js:17:25)
201 silly fetchPackageMetaData     at CachingRegistryClient.<anonymous> (/usr/local/lib/node_modules/npm/node_modules/npm-registry-client/lib/request.js:186:20)
201 silly fetchPackageMetaData     at Request._callback (/usr/local/lib/node_modules/npm/node_modules/npm-registry-client/lib/request.js:163:20)
201 silly fetchPackageMetaData     at self.callback (/usr/local/lib/node_modules/npm/node_modules/request/request.js:200:22)
201 silly fetchPackageMetaData     at emitOne (events.js:101:20)
201 silly fetchPackageMetaData     at Request.emit (events.js:188:7)
201 silly fetchPackageMetaData  error for @angular/core@2.0.0-rc.5 Error: failed to fetch from registry: http://registry.cnpmjs.org/@angular%2fcore
201 silly fetchPackageMetaData     at /usr/local/lib/node_modules/npm/lib/cache/caching-client.js:158:27
201 silly fetchPackageMetaData     at /usr/local/lib/node_modules/npm/lib/cache/caching-client.js:53:8
201 silly fetchPackageMetaData     at f (/usr/local/lib/node_modules/npm/node_modules/once/once.js:17:25)
201 silly fetchPackageMetaData     at /usr/local/lib/node_modules/npm/node_modules/npm-registry-client/lib/request.js:89:10
201 silly fetchPackageMetaData     at f (/usr/local/lib/node_modules/npm/node_modules/once/once.js:17:25)
201 silly fetchPackageMetaData     at CachingRegistryClient.<anonymous> (/usr/local/lib/node_modules/npm/node_modules/npm-registry-client/lib/request.js:186:20)
201 silly fetchPackageMetaData     at Request._callback (/usr/local/lib/node_modules/npm/node_modules/npm-registry-client/lib/request.js:163:20)
201 silly fetchPackageMetaData     at self.callback (/usr/local/lib/node_modules/npm/node_modules/request/request.js:200:22)
201 silly fetchPackageMetaData     at emitOne (events.js:101:20)
201 silly fetchPackageMetaData     at Request.emit (events.js:188:7)
202 silly get cb [ 304, undefined ]
203 silly fetchPackageMetaData Error: failed to fetch from registry: http://registry.cnpmjs.org/@angular%2fhttp
203 silly fetchPackageMetaData     at /usr/local/lib/node_modules/npm/lib/cache/caching-client.js:158:27
203 silly fetchPackageMetaData     at /usr/local/lib/node_modules/npm/lib/cache/caching-client.js:53:8
203 silly fetchPackageMetaData     at f (/usr/local/lib/node_modules/npm/node_modules/once/once.js:17:25)
203 silly fetchPackageMetaData     at /usr/local/lib/node_modules/npm/node_modules/npm-registry-client/lib/request.js:89:10
203 silly fetchPackageMetaData     at f (/usr/local/lib/node_modules/npm/node_modules/once/once.js:17:25)
203 silly fetchPackageMetaData     at CachingRegistryClient.<anonymous> (/usr/local/lib/node_modules/npm/node_modules/npm-registry-client/lib/request.js:186:20)
203 silly fetchPackageMetaData     at Request._callback (/usr/local/lib/node_modules/npm/node_modules/npm-registry-client/lib/request.js:163:20)
203 silly fetchPackageMetaData     at self.callback (/usr/local/lib/node_modules/npm/node_modules/request/request.js:200:22)
203 silly fetchPackageMetaData     at emitOne (events.js:101:20)
203 silly fetchPackageMetaData     at Request.emit (events.js:188:7)
203 silly fetchPackageMetaData  error for @angular/http@2.0.0-rc.5 Error: failed to fetch from registry: http://registry.cnpmjs.org/@angular%2fhttp
203 silly fetchPackageMetaData     at /usr/local/lib/node_modules/npm/lib/cache/caching-client.js:158:27
203 silly fetchPackageMetaData     at /usr/local/lib/node_modules/npm/lib/cache/caching-client.js:53:8
203 silly fetchPackageMetaData     at f (/usr/local/lib/node_modules/npm/node_modules/once/once.js:17:25)
203 silly fetchPackageMetaData     at /usr/local/lib/node_modules/npm/node_modules/npm-registry-client/lib/request.js:89:10
203 silly fetchPackageMetaData     at f (/usr/local/lib/node_modules/npm/node_modules/once/once.js:17:25)
203 silly fetchPackageMetaData     at CachingRegistryClient.<anonymous> (/usr/local/lib/node_modules/npm/node_modules/npm-registry-client/lib/request.js:186:20)
203 silly fetchPackageMetaData     at Request._callback (/usr/local/lib/node_modules/npm/node_modules/npm-registry-client/lib/request.js:163:20)
203 silly fetchPackageMetaData     at self.callback (/usr/local/lib/node_modules/npm/node_modules/request/request.js:200:22)
203 silly fetchPackageMetaData     at emitOne (events.js:101:20)
203 silly fetchPackageMetaData     at Request.emit (events.js:188:7)
204 silly get cb [ 304, undefined ]
205 silly fetchPackageMetaData Error: failed to fetch from registry: http://registry.cnpmjs.org/@angular%2fplatform-browser
205 silly fetchPackageMetaData     at /usr/local/lib/node_modules/npm/lib/cache/caching-client.js:158:27
205 silly fetchPackageMetaData     at /usr/local/lib/node_modules/npm/lib/cache/caching-client.js:53:8
205 silly fetchPackageMetaData     at f (/usr/local/lib/node_modules/npm/node_modules/once/once.js:17:25)
205 silly fetchPackageMetaData     at /usr/local/lib/node_modules/npm/node_modules/npm-registry-client/lib/request.js:89:10
205 silly fetchPackageMetaData     at f (/usr/local/lib/node_modules/npm/node_modules/once/once.js:17:25)
205 silly fetchPackageMetaData     at CachingRegistryClient.<anonymous> (/usr/local/lib/node_modules/npm/node_modules/npm-registry-client/lib/request.js:186:20)
205 silly fetchPackageMetaData     at Request._callback (/usr/local/lib/node_modules/npm/node_modules/npm-registry-client/lib/request.js:163:20)
205 silly fetchPackageMetaData     at self.callback (/usr/local/lib/node_modules/npm/node_modules/request/request.js:200:22)
205 silly fetchPackageMetaData     at emitOne (events.js:101:20)
205 silly fetchPackageMetaData     at Request.emit (events.js:188:7)
205 silly fetchPackageMetaData  error for @angular/platform-browser@2.0.0-rc.5 Error: failed to fetch from registry: http://registry.cnpmjs.org/@angular%2fplatform-browser
205 silly fetchPackageMetaData     at /usr/local/lib/node_modules/npm/lib/cache/caching-client.js:158:27
205 silly fetchPackageMetaData     at /usr/local/lib/node_modules/npm/lib/cache/caching-client.js:53:8
205 silly fetchPackageMetaData     at f (/usr/local/lib/node_modules/npm/node_modules/once/once.js:17:25)
205 silly fetchPackageMetaData     at /usr/local/lib/node_modules/npm/node_modules/npm-registry-client/lib/request.js:89:10
205 silly fetchPackageMetaData     at f (/usr/local/lib/node_modules/npm/node_modules/once/once.js:17:25)
205 silly fetchPackageMetaData     at CachingRegistryClient.<anonymous> (/usr/local/lib/node_modules/npm/node_modules/npm-registry-client/lib/request.js:186:20)
205 silly fetchPackageMetaData     at Request._callback (/usr/local/lib/node_modules/npm/node_modules/npm-registry-client/lib/request.js:163:20)
205 silly fetchPackageMetaData     at self.callback (/usr/local/lib/node_modules/npm/node_modules/request/request.js:200:22)
205 silly fetchPackageMetaData     at emitOne (events.js:101:20)
205 silly fetchPackageMetaData     at Request.emit (events.js:188:7)
206 silly get cb [ 304, undefined ]
207 silly fetchPackageMetaData Error: failed to fetch from registry: http://registry.cnpmjs.org/@angular%2fcommon
207 silly fetchPackageMetaData     at /usr/local/lib/node_modules/npm/lib/cache/caching-client.js:158:27
207 silly fetchPackageMetaData     at /usr/local/lib/node_modules/npm/lib/cache/caching-client.js:53:8
207 silly fetchPackageMetaData     at f (/usr/local/lib/node_modules/npm/node_modules/once/once.js:17:25)
207 silly fetchPackageMetaData     at /usr/local/lib/node_modules/npm/node_modules/npm-registry-client/lib/request.js:89:10
207 silly fetchPackageMetaData     at f (/usr/local/lib/node_modules/npm/node_modules/once/once.js:17:25)
207 silly fetchPackageMetaData     at CachingRegistryClient.<anonymous> (/usr/local/lib/node_modules/npm/node_modules/npm-registry-client/lib/request.js:186:20)
207 silly fetchPackageMetaData     at Request._callback (/usr/local/lib/node_modules/npm/node_modules/npm-registry-client/lib/request.js:163:20)
207 silly fetchPackageMetaData     at self.callback (/usr/local/lib/node_modules/npm/node_modules/request/request.js:200:22)
207 silly fetchPackageMetaData     at emitOne (events.js:101:20)
207 silly fetchPackageMetaData     at Request.emit (events.js:188:7)
207 silly fetchPackageMetaData  error for @angular/common@2.0.0-rc.5 Error: failed to fetch from registry: http://registry.cnpmjs.org/@angular%2fcommon
207 silly fetchPackageMetaData     at /usr/local/lib/node_modules/npm/lib/cache/caching-client.js:158:27
207 silly fetchPackageMetaData     at /usr/local/lib/node_modules/npm/lib/cache/caching-client.js:53:8
207 silly fetchPackageMetaData     at f (/usr/local/lib/node_modules/npm/node_modules/once/once.js:17:25)
207 silly fetchPackageMetaData     at /usr/local/lib/node_modules/npm/node_modules/npm-registry-client/lib/request.js:89:10
207 silly fetchPackageMetaData     at f (/usr/local/lib/node_modules/npm/node_modules/once/once.js:17:25)
207 silly fetchPackageMetaData     at CachingRegistryClient.<anonymous> (/usr/local/lib/node_modules/npm/node_modules/npm-registry-client/lib/request.js:186:20)
207 silly fetchPackageMetaData     at Request._callback (/usr/local/lib/node_modules/npm/node_modules/npm-registry-client/lib/request.js:163:20)
207 silly fetchPackageMetaData     at self.callback (/usr/local/lib/node_modules/npm/node_modules/request/request.js:200:22)
207 silly fetchPackageMetaData     at emitOne (events.js:101:20)
207 silly fetchPackageMetaData     at Request.emit (events.js:188:7)
208 silly get cb [ 304, undefined ]
209 silly fetchPackageMetaData Error: failed to fetch from registry: http://registry.cnpmjs.org/@angular%2fupgrade
209 silly fetchPackageMetaData     at /usr/local/lib/node_modules/npm/lib/cache/caching-client.js:158:27
209 silly fetchPackageMetaData     at /usr/local/lib/node_modules/npm/lib/cache/caching-client.js:53:8
209 silly fetchPackageMetaData     at f (/usr/local/lib/node_modules/npm/node_modules/once/once.js:17:25)
209 silly fetchPackageMetaData     at /usr/local/lib/node_modules/npm/node_modules/npm-registry-client/lib/request.js:89:10
209 silly fetchPackageMetaData     at f (/usr/local/lib/node_modules/npm/node_modules/once/once.js:17:25)
209 silly fetchPackageMetaData     at CachingRegistryClient.<anonymous> (/usr/local/lib/node_modules/npm/node_modules/npm-registry-client/lib/request.js:186:20)
209 silly fetchPackageMetaData     at Request._callback (/usr/local/lib/node_modules/npm/node_modules/npm-registry-client/lib/request.js:163:20)
209 silly fetchPackageMetaData     at self.callback (/usr/local/lib/node_modules/npm/node_modules/request/request.js:200:22)
209 silly fetchPackageMetaData     at emitOne (events.js:101:20)
209 silly fetchPackageMetaData     at Request.emit (events.js:188:7)
209 silly fetchPackageMetaData  error for @angular/upgrade@2.0.0-rc.5 Error: failed to fetch from registry: http://registry.cnpmjs.org/@angular%2fupgrade
209 silly fetchPackageMetaData     at /usr/local/lib/node_modules/npm/lib/cache/caching-client.js:158:27
209 silly fetchPackageMetaData     at /usr/local/lib/node_modules/npm/lib/cache/caching-client.js:53:8
209 silly fetchPackageMetaData     at f (/usr/local/lib/node_modules/npm/node_modules/once/once.js:17:25)
209 silly fetchPackageMetaData     at /usr/local/lib/node_modules/npm/node_modules/npm-registry-client/lib/request.js:89:10
209 silly fetchPackageMetaData     at f (/usr/local/lib/node_modules/npm/node_modules/once/once.js:17:25)
209 silly fetchPackageMetaData     at CachingRegistryClient.<anonymous> (/usr/local/lib/node_modules/npm/node_modules/npm-registry-client/lib/request.js:186:20)
209 silly fetchPackageMetaData     at Request._callback (/usr/local/lib/node_modules/npm/node_modules/npm-registry-client/lib/request.js:163:20)
209 silly fetchPackageMetaData     at self.callback (/usr/local/lib/node_modules/npm/node_modules/request/request.js:200:22)
209 silly fetchPackageMetaData     at emitOne (events.js:101:20)
209 silly fetchPackageMetaData     at Request.emit (events.js:188:7)
210 silly get cb [ 304, undefined ]
211 silly fetchPackageMetaData Error: failed to fetch from registry: http://registry.cnpmjs.org/@angular%2frouter
211 silly fetchPackageMetaData     at /usr/local/lib/node_modules/npm/lib/cache/caching-client.js:158:27
211 silly fetchPackageMetaData     at /usr/local/lib/node_modules/npm/lib/cache/caching-client.js:53:8
211 silly fetchPackageMetaData     at f (/usr/local/lib/node_modules/npm/node_modules/once/once.js:17:25)
211 silly fetchPackageMetaData     at /usr/local/lib/node_modules/npm/node_modules/npm-registry-client/lib/request.js:89:10
211 silly fetchPackageMetaData     at f (/usr/local/lib/node_modules/npm/node_modules/once/once.js:17:25)
211 silly fetchPackageMetaData     at CachingRegistryClient.<anonymous> (/usr/local/lib/node_modules/npm/node_modules/npm-registry-client/lib/request.js:186:20)
211 silly fetchPackageMetaData     at Request._callback (/usr/local/lib/node_modules/npm/node_modules/npm-registry-client/lib/request.js:163:20)
211 silly fetchPackageMetaData     at self.callback (/usr/local/lib/node_modules/npm/node_modules/request/request.js:200:22)
211 silly fetchPackageMetaData     at emitOne (events.js:101:20)
211 silly fetchPackageMetaData     at Request.emit (events.js:188:7)
211 silly fetchPackageMetaData  error for @angular/router@3.0.0-rc.1 Error: failed to fetch from registry: http://registry.cnpmjs.org/@angular%2frouter
211 silly fetchPackageMetaData     at /usr/local/lib/node_modules/npm/lib/cache/caching-client.js:158:27
211 silly fetchPackageMetaData     at /usr/local/lib/node_modules/npm/lib/cache/caching-client.js:53:8
211 silly fetchPackageMetaData     at f (/usr/local/lib/node_modules/npm/node_modules/once/once.js:17:25)
211 silly fetchPackageMetaData     at /usr/local/lib/node_modules/npm/node_modules/npm-registry-client/lib/request.js:89:10
211 silly fetchPackageMetaData     at f (/usr/local/lib/node_modules/npm/node_modules/once/once.js:17:25)
211 silly fetchPackageMetaData     at CachingRegistryClient.<anonymous> (/usr/local/lib/node_modules/npm/node_modules/npm-registry-client/lib/request.js:186:20)
211 silly fetchPackageMetaData     at Request._callback (/usr/local/lib/node_modules/npm/node_modules/npm-registry-client/lib/request.js:163:20)
211 silly fetchPackageMetaData     at self.callback (/usr/local/lib/node_modules/npm/node_modules/request/request.js:200:22)
211 silly fetchPackageMetaData     at emitOne (events.js:101:20)
211 silly fetchPackageMetaData     at Request.emit (events.js:188:7)
212 silly get cb [ 304, undefined ]
213 silly fetchPackageMetaData Error: failed to fetch from registry: http://registry.cnpmjs.org/angular2-in-memory-web-api
213 silly fetchPackageMetaData     at /usr/local/lib/node_modules/npm/lib/cache/caching-client.js:158:27
213 silly fetchPackageMetaData     at /usr/local/lib/node_modules/npm/lib/cache/caching-client.js:53:8
213 silly fetchPackageMetaData     at f (/usr/local/lib/node_modules/npm/node_modules/once/once.js:17:25)
213 silly fetchPackageMetaData     at /usr/local/lib/node_modules/npm/node_modules/npm-registry-client/lib/request.js:89:10
213 silly fetchPackageMetaData     at f (/usr/local/lib/node_modules/npm/node_modules/once/once.js:17:25)
213 silly fetchPackageMetaData     at CachingRegistryClient.<anonymous> (/usr/local/lib/node_modules/npm/node_modules/npm-registry-client/lib/request.js:186:20)
213 silly fetchPackageMetaData     at Request._callback (/usr/local/lib/node_modules/npm/node_modules/npm-registry-client/lib/request.js:163:20)
213 silly fetchPackageMetaData     at self.callback (/usr/local/lib/node_modules/npm/node_modules/request/request.js:200:22)
213 silly fetchPackageMetaData     at emitOne (events.js:101:20)
213 silly fetchPackageMetaData     at Request.emit (events.js:188:7)
213 silly fetchPackageMetaData  error for angular2-in-memory-web-api@0.0.15 Error: failed to fetch from registry: http://registry.cnpmjs.org/angular2-in-memory-web-api
213 silly fetchPackageMetaData     at /usr/local/lib/node_modules/npm/lib/cache/caching-client.js:158:27
213 silly fetchPackageMetaData     at /usr/local/lib/node_modules/npm/lib/cache/caching-client.js:53:8
213 silly fetchPackageMetaData     at f (/usr/local/lib/node_modules/npm/node_modules/once/once.js:17:25)
213 silly fetchPackageMetaData     at /usr/local/lib/node_modules/npm/node_modules/npm-registry-client/lib/request.js:89:10
213 silly fetchPackageMetaData     at f (/usr/local/lib/node_modules/npm/node_modules/once/once.js:17:25)
213 silly fetchPackageMetaData     at CachingRegistryClient.<anonymous> (/usr/local/lib/node_modules/npm/node_modules/npm-registry-client/lib/request.js:186:20)
213 silly fetchPackageMetaData     at Request._callback (/usr/local/lib/node_modules/npm/node_modules/npm-registry-client/lib/request.js:163:20)
213 silly fetchPackageMetaData     at self.callback (/usr/local/lib/node_modules/npm/node_modules/request/request.js:200:22)
213 silly fetchPackageMetaData     at emitOne (events.js:101:20)
213 silly fetchPackageMetaData     at Request.emit (events.js:188:7)
214 silly get cb [ 304, undefined ]
215 silly fetchPackageMetaData Error: failed to fetch from registry: http://registry.cnpmjs.org/@angular%2fplatform-browser-dynamic
215 silly fetchPackageMetaData     at /usr/local/lib/node_modules/npm/lib/cache/caching-client.js:158:27
215 silly fetchPackageMetaData     at /usr/local/lib/node_modules/npm/lib/cache/caching-client.js:53:8
215 silly fetchPackageMetaData     at f (/usr/local/lib/node_modules/npm/node_modules/once/once.js:17:25)
215 silly fetchPackageMetaData     at /usr/local/lib/node_modules/npm/node_modules/npm-registry-client/lib/request.js:89:10
215 silly fetchPackageMetaData     at f (/usr/local/lib/node_modules/npm/node_modules/once/once.js:17:25)
215 silly fetchPackageMetaData     at CachingRegistryClient.<anonymous> (/usr/local/lib/node_modules/npm/node_modules/npm-registry-client/lib/request.js:186:20)
215 silly fetchPackageMetaData     at Request._callback (/usr/local/lib/node_modules/npm/node_modules/npm-registry-client/lib/request.js:163:20)
215 silly fetchPackageMetaData     at self.callback (/usr/local/lib/node_modules/npm/node_modules/request/request.js:200:22)
215 silly fetchPackageMetaData     at emitOne (events.js:101:20)
215 silly fetchPackageMetaData     at Request.emit (events.js:188:7)
215 silly fetchPackageMetaData  error for @angular/platform-browser-dynamic@2.0.0-rc.5 Error: failed to fetch from registry: http://registry.cnpmjs.org/@angular%2fplatform-browser-dynamic
215 silly fetchPackageMetaData     at /usr/local/lib/node_modules/npm/lib/cache/caching-client.js:158:27
215 silly fetchPackageMetaData     at /usr/local/lib/node_modules/npm/lib/cache/caching-client.js:53:8
215 silly fetchPackageMetaData     at f (/usr/local/lib/node_modules/npm/node_modules/once/once.js:17:25)
215 silly fetchPackageMetaData     at /usr/local/lib/node_modules/npm/node_modules/npm-registry-client/lib/request.js:89:10
215 silly fetchPackageMetaData     at f (/usr/local/lib/node_modules/npm/node_modules/once/once.js:17:25)
215 silly fetchPackageMetaData     at CachingRegistryClient.<anonymous> (/usr/local/lib/node_modules/npm/node_modules/npm-registry-client/lib/request.js:186:20)
215 silly fetchPackageMetaData     at Request._callback (/usr/local/lib/node_modules/npm/node_modules/npm-registry-client/lib/request.js:163:20)
215 silly fetchPackageMetaData     at self.callback (/usr/local/lib/node_modules/npm/node_modules/request/request.js:200:22)
215 silly fetchPackageMetaData     at emitOne (events.js:101:20)
215 silly fetchPackageMetaData     at Request.emit (events.js:188:7)
216 silly get cb [ 304, undefined ]
217 silly fetchPackageMetaData Error: failed to fetch from registry: http://registry.cnpmjs.org/@angular%2fcompiler
217 silly fetchPackageMetaData     at /usr/local/lib/node_modules/npm/lib/cache/caching-client.js:158:27
217 silly fetchPackageMetaData     at /usr/local/lib/node_modules/npm/lib/cache/caching-client.js:53:8
217 silly fetchPackageMetaData     at f (/usr/local/lib/node_modules/npm/node_modules/once/once.js:17:25)
217 silly fetchPackageMetaData     at /usr/local/lib/node_modules/npm/node_modules/npm-registry-client/lib/request.js:89:10
217 silly fetchPackageMetaData     at f (/usr/local/lib/node_modules/npm/node_modules/once/once.js:17:25)
217 silly fetchPackageMetaData     at CachingRegistryClient.<anonymous> (/usr/local/lib/node_modules/npm/node_modules/npm-registry-client/lib/request.js:186:20)
217 silly fetchPackageMetaData     at Request._callback (/usr/local/lib/node_modules/npm/node_modules/npm-registry-client/lib/request.js:163:20)
217 silly fetchPackageMetaData     at self.callback (/usr/local/lib/node_modules/npm/node_modules/request/request.js:200:22)
217 silly fetchPackageMetaData     at emitOne (events.js:101:20)
217 silly fetchPackageMetaData     at Request.emit (events.js:188:7)
217 silly fetchPackageMetaData  error for @angular/compiler@2.0.0-rc.5 Error: failed to fetch from registry: http://registry.cnpmjs.org/@angular%2fcompiler
217 silly fetchPackageMetaData     at /usr/local/lib/node_modules/npm/lib/cache/caching-client.js:158:27
217 silly fetchPackageMetaData     at /usr/local/lib/node_modules/npm/lib/cache/caching-client.js:53:8
217 silly fetchPackageMetaData     at f (/usr/local/lib/node_modules/npm/node_modules/once/once.js:17:25)
217 silly fetchPackageMetaData     at /usr/local/lib/node_modules/npm/node_modules/npm-registry-client/lib/request.js:89:10
217 silly fetchPackageMetaData     at f (/usr/local/lib/node_modules/npm/node_modules/once/once.js:17:25)
217 silly fetchPackageMetaData     at CachingRegistryClient.<anonymous> (/usr/local/lib/node_modules/npm/node_modules/npm-registry-client/lib/request.js:186:20)
217 silly fetchPackageMetaData     at Request._callback (/usr/local/lib/node_modules/npm/node_modules/npm-registry-client/lib/request.js:163:20)
217 silly fetchPackageMetaData     at self.callback (/usr/local/lib/node_modules/npm/node_modules/request/request.js:200:22)
217 silly fetchPackageMetaData     at emitOne (events.js:101:20)
217 silly fetchPackageMetaData     at Request.emit (events.js:188:7)
218 silly rollbackFailedOptional Starting
219 silly rollbackFailedOptional Finishing
220 silly runTopLevelLifecycles Starting
221 silly runTopLevelLifecycles Finishing
222 silly install printInstalled
223 verbose stack Error: failed to fetch from registry: http://registry.cnpmjs.org/@angular%2fforms
223 verbose stack     at /usr/local/lib/node_modules/npm/lib/cache/caching-client.js:158:27
223 verbose stack     at /usr/local/lib/node_modules/npm/lib/cache/caching-client.js:53:8
223 verbose stack     at f (/usr/local/lib/node_modules/npm/node_modules/once/once.js:17:25)
223 verbose stack     at /usr/local/lib/node_modules/npm/node_modules/npm-registry-client/lib/request.js:89:10
223 verbose stack     at f (/usr/local/lib/node_modules/npm/node_modules/once/once.js:17:25)
223 verbose stack     at CachingRegistryClient.<anonymous> (/usr/local/lib/node_modules/npm/node_modules/npm-registry-client/lib/request.js:186:20)
223 verbose stack     at Request._callback (/usr/local/lib/node_modules/npm/node_modules/npm-registry-client/lib/request.js:163:20)
223 verbose stack     at self.callback (/usr/local/lib/node_modules/npm/node_modules/request/request.js:200:22)
223 verbose stack     at emitOne (events.js:101:20)
223 verbose stack     at Request.emit (events.js:188:7)
224 verbose cwd /Users/jlch/Desktop/Respository_for_work/temp/registerAndLogin
225 error Darwin 15.6.0
226 error argv "/usr/local/bin/node" "/usr/local/bin/npm" "install"
227 error node v6.2.0
228 error npm  v3.8.9
229 error failed to fetch from registry: http://registry.cnpmjs.org/@angular%2fforms
230 error If you need help, you may report this error at:
230 error     <https://github.com/npm/npm/issues>
231 verbose exit [ 1, true ]
